<?xml version="1.0" encoding="UTF-8"?>
<!-- Generated by org.testng.reporters.JUnitReportReporter -->
<testsuite hostname="VDX2816" failures="0" tests="1" name="Academy.ValidateNavigationBar" time="2.232" errors="0" timestamp="2021-06-08T16:09:32 NZST" skipped="0">
  <testcase classname="Academy.ValidateNavigationBar" name="validateNavigation" time="2.232"/>
  <system-out/>
</testsuite> <!-- Academy.ValidateNavigationBar -->
