<?xml version="1.0" encoding="UTF-8"?>
<!-- Generated by org.testng.reporters.JUnitReportReporter -->
<testsuite hostname="VDX2816" failures="0" tests="2" name="Academy.HomePage" time="33.846" errors="0" timestamp="2021-06-08T16:09:32 NZST" skipped="0">
  <testcase classname="Academy.HomePage" name="basePageNavigation" time="5.454"/>
  <system-out/>
  <testcase classname="Academy.HomePage" name="basePageNavigation" time="28.392"/>
  <system-out/>
</testsuite> <!-- Academy.HomePage -->
