<?xml version="1.0" encoding="UTF-8"?>
<!-- Generated by org.testng.reporters.JUnitReportReporter -->
<testsuite hostname="VDX2816" failures="0" tests="2" name="Academy.HomePage" time="27.189" errors="0" timestamp="2021-05-21T19:06:33 NZST" skipped="0">
  <testcase classname="Academy.HomePage" name="basePageNavigation" time="20.481"/>
  <system-out/>
  <testcase classname="Academy.HomePage" name="basePageNavigation" time="6.708"/>
  <system-out/>
</testsuite> <!-- Academy.HomePage -->
