<?xml version="1.0" encoding="UTF-8"?>
<!-- Generated by org.testng.reporters.JUnitReportReporter -->
<testsuite hostname="VDX2816" failures="0" tests="1" name="Academy.ValidateNavigationBar" time="0.100" errors="0" timestamp="2021-05-21T19:06:33 NZST" skipped="0">
  <testcase classname="Academy.ValidateNavigationBar" name="validateNavigation" time="0.100"/>
  <system-out/>
</testsuite> <!-- Academy.ValidateNavigationBar -->
